<?xml version="1.0" encoding="UTF-8"?>
<!-- Generated by org.testng.reporters.JUnitReportReporter -->
<testsuite hostname="DESKTOP-GOLM60O" failures="0" tests="1" name="com.upeg.tests.UPEGAPITests" time="17.676" errors="0" timestamp="2024-02-21T10:16:43 IST" skipped="0">
  <testcase classname="com.upeg.tests.UPEGAPITests" name="testLoginEmptyUserName" time="17.676"/>
  <system-out/>
</testsuite> <!-- com.upeg.tests.UPEGAPITests -->
